<?xml version="1.0" encoding="UTF-8"?>
<!-- Generated by org.testng.reporters.JUnitXMLReporter -->
<testsuite hostname="LAPTOP-43J61F2D" ignored="0" name="Default test" tests="3" failures="0" timestamp="2020-04-30T14:28:08 IST" time="99.603" errors="0">
  <testcase name="loginTest" time="5.666" classname="com.demoaut.newtours.testcases.LoginPageTest"/>
  <testcase name="loginTest" time="5.573" classname="com.demoaut.newtours.testcases.LoginPageTest"/>
  <testcase name="loginTest" time="5.558" classname="com.demoaut.newtours.testcases.LoginPageTest"/>
</testsuite> <!-- Default test -->
